This is pdfTeX, Version 3.14159265-2.6-1.40.20 (TeX Live 2019/Debian) (preloaded format=pdflatex 2023.5.31)  14 NOV 2023 02:00
entering extended mode
 restricted \write18 enabled.
 %&-line parsing enabled.
**report.tex
(./report.tex
LaTeX2e <2020-02-02> patch level 2
L3 programming layer <2020-02-14>
(/usr/share/texlive/texmf-dist/tex/latex/base/article.cls
Document Class: article 2019/12/20 v1.4l Standard LaTeX document class
(/usr/share/texlive/texmf-dist/tex/latex/base/size10.clo
File: size10.clo 2019/12/20 v1.4l Standard LaTeX file (size option)
)
\c@part=\count167
\c@section=\count168
\c@subsection=\count169
\c@subsubsection=\count170
\c@paragraph=\count171
\c@subparagraph=\count172
\c@figure=\count173
\c@table=\count174
\abovecaptionskip=\skip47
\belowcaptionskip=\skip48
\bibindent=\dimen134
)
(/usr/share/texlive/texmf-dist/tex/latex/graphics/graphicx.sty
Package: graphicx 2019/11/30 v1.2a Enhanced LaTeX Graphics (DPC,SPQR)

(/usr/share/texlive/texmf-dist/tex/latex/graphics/keyval.sty
Package: keyval 2014/10/28 v1.15 key=value parser (DPC)
\KV@toks@=\toks14
)
(/usr/share/texlive/texmf-dist/tex/latex/graphics/graphics.sty
Package: graphics 2019/11/30 v1.4a Standard LaTeX Graphics (DPC,SPQR)

(/usr/share/texlive/texmf-dist/tex/latex/graphics/trig.sty
Package: trig 2016/01/03 v1.10 sin cos tan (DPC)
)
(/usr/share/texlive/texmf-dist/tex/latex/graphics-cfg/graphics.cfg
File: graphics.cfg 2016/06/04 v1.11 sample graphics configuration
)
Package graphics Info: Driver file: pdftex.def on input line 105.

(/usr/share/texlive/texmf-dist/tex/latex/graphics-def/pdftex.def
File: pdftex.def 2018/01/08 v1.0l Graphics/color driver for pdftex
))
\Gin@req@height=\dimen135
\Gin@req@width=\dimen136
)
(/usr/share/texlive/texmf-dist/tex/latex/adjustbox/adjustbox.sty
Package: adjustbox 2019/01/04 v1.2 Adjusting TeX boxes (trim, clip, ...)

(/usr/share/texlive/texmf-dist/tex/latex/xkeyval/xkeyval.sty
Package: xkeyval 2014/12/03 v2.7a package option processing (HA)

(/usr/share/texlive/texmf-dist/tex/generic/xkeyval/xkeyval.tex
(/usr/share/texlive/texmf-dist/tex/generic/xkeyval/xkvutils.tex
\XKV@toks=\toks15
\XKV@tempa@toks=\toks16
)
\XKV@depth=\count175
File: xkeyval.tex 2014/12/03 v2.7a key=value parser (HA)
))
(/usr/share/texlive/texmf-dist/tex/latex/adjustbox/adjcalc.sty
Package: adjcalc 2012/05/16 v1.1 Provides advanced setlength with multiple back
-ends (calc, etex, pgfmath)
)
(/usr/share/texlive/texmf-dist/tex/latex/adjustbox/trimclip.sty
Package: trimclip 2018/04/08 v1.1 Trim and clip general TeX material

(/usr/share/texlive/texmf-dist/tex/latex/collectbox/collectbox.sty
Package: collectbox 2012/05/17 v0.4b Collect macro arguments as boxes
\collectedbox=\box45
)
\tc@llx=\dimen137
\tc@lly=\dimen138
\tc@urx=\dimen139
\tc@ury=\dimen140
Package trimclip Info: Using driver 'tc-pdftex.def'.

(/usr/share/texlive/texmf-dist/tex/latex/adjustbox/tc-pdftex.def
File: tc-pdftex.def 2019/01/04 v2.2 Clipping driver for pdftex
))
\adjbox@Width=\dimen141
\adjbox@Height=\dimen142
\adjbox@Depth=\dimen143
\adjbox@Totalheight=\dimen144
\adjbox@pwidth=\dimen145
\adjbox@pheight=\dimen146
\adjbox@pdepth=\dimen147
\adjbox@ptotalheight=\dimen148

(/usr/share/texlive/texmf-dist/tex/latex/ifoddpage/ifoddpage.sty
Package: ifoddpage 2016/04/23 v1.1 Conditionals for odd/even page detection
\c@checkoddpage=\count176
)
(/usr/share/texlive/texmf-dist/tex/latex/varwidth/varwidth.sty
Package: varwidth 2009/03/30 ver 0.92;  Variable-width minipages
\@vwid@box=\box46
\sift@deathcycles=\count177
\@vwid@loff=\dimen149
\@vwid@roff=\dimen150
))
(/usr/share/texlive/texmf-dist/tex/latex/float/float.sty
Package: float 2001/11/08 v1.3d Float enhancements (AL)
\c@float@type=\count178
\float@exts=\toks17
\float@box=\box47
\@float@everytoks=\toks18
\@floatcapt=\box48
)
(/usr/share/texlive/texmf-dist/tex/latex/geometry/geometry.sty
Package: geometry 2020/01/02 v5.9 Page Geometry

(/usr/share/texlive/texmf-dist/tex/generic/iftex/ifvtex.sty
Package: ifvtex 2019/10/25 v1.7 ifvtex legacy package. Use iftex instead.

(/usr/share/texlive/texmf-dist/tex/generic/iftex/iftex.sty
Package: iftex 2019/11/07 v1.0c TeX engine tests
))
\Gm@cnth=\count179
\Gm@cntv=\count180
\c@Gm@tempcnt=\count181
\Gm@bindingoffset=\dimen151
\Gm@wd@mp=\dimen152
\Gm@odd@mp=\dimen153
\Gm@even@mp=\dimen154
\Gm@layoutwidth=\dimen155
\Gm@layoutheight=\dimen156
\Gm@layouthoffset=\dimen157
\Gm@layoutvoffset=\dimen158
\Gm@dimlist=\toks19
)
(/usr/share/texlive/texmf-dist/tex/latex/l3backend/l3backend-pdfmode.def
File: l3backend-pdfmode.def 2020-02-03 L3 backend support: PDF mode
\l__kernel_color_stack_int=\count182
\l__pdf_internal_box=\box49
)
(./report.aux)
\openout1 = `report.aux'.

LaTeX Font Info:    Checking defaults for OML/cmm/m/it on input line 20.
LaTeX Font Info:    ... okay on input line 20.
LaTeX Font Info:    Checking defaults for OMS/cmsy/m/n on input line 20.
LaTeX Font Info:    ... okay on input line 20.
LaTeX Font Info:    Checking defaults for OT1/cmr/m/n on input line 20.
LaTeX Font Info:    ... okay on input line 20.
LaTeX Font Info:    Checking defaults for T1/cmr/m/n on input line 20.
LaTeX Font Info:    ... okay on input line 20.
LaTeX Font Info:    Checking defaults for TS1/cmr/m/n on input line 20.
LaTeX Font Info:    ... okay on input line 20.
LaTeX Font Info:    Checking defaults for OMX/cmex/m/n on input line 20.
LaTeX Font Info:    ... okay on input line 20.
LaTeX Font Info:    Checking defaults for U/cmr/m/n on input line 20.
LaTeX Font Info:    ... okay on input line 20.

(/usr/share/texlive/texmf-dist/tex/context/base/mkii/supp-pdf.mkii
[Loading MPS to PDF converter (version 2006.09.02).]
\scratchcounter=\count183
\scratchdimen=\dimen159
\scratchbox=\box50
\nofMPsegments=\count184
\nofMParguments=\count185
\everyMPshowfont=\toks20
\MPscratchCnt=\count186
\MPscratchDim=\dimen160
\MPnumerator=\count187
\makeMPintoPDFobject=\count188
\everyMPtoPDFconversion=\toks21
) (/usr/share/texlive/texmf-dist/tex/latex/epstopdf-pkg/epstopdf-base.sty
Package: epstopdf-base 2020-01-24 v2.11 Base part for package epstopdf
Package epstopdf-base Info: Redefining graphics rule for `.eps' on input line 4
85.

(/usr/share/texlive/texmf-dist/tex/latex/latexconfig/epstopdf-sys.cfg
File: epstopdf-sys.cfg 2010/07/13 v1.3 Configuration of (r)epstopdf for TeX Liv
e
))
*geometry* driver: auto-detecting
*geometry* detected driver: pdftex
*geometry* verbose mode - [ preamble ] result:
* driver: pdftex
* paper: <default>
* layout: <same size as paper>
* layoutoffset:(h,v)=(0.0pt,0.0pt)
* modes: 
* h-part:(L,W,R)=(85.35826pt, 443.57848pt, 85.35826pt)
* v-part:(T,H,B)=(71.13188pt, 652.70622pt, 71.13188pt)
* \paperwidth=614.295pt
* \paperheight=794.96999pt
* \textwidth=443.57848pt
* \textheight=652.70622pt
* \oddsidemargin=13.08827pt
* \evensidemargin=13.08827pt
* \topmargin=-38.1381pt
* \headheight=12.0pt
* \headsep=25.0pt
* \topskip=10.0pt
* \footskip=30.0pt
* \marginparwidth=65.0pt
* \marginparsep=11.0pt
* \columnsep=10.0pt
* \skip\footins=9.0pt plus 4.0pt minus 2.0pt
* \hoffset=0.0pt
* \voffset=0.0pt
* \mag=1000
* \@twocolumnfalse
* \@twosidefalse
* \@mparswitchfalse
* \@reversemarginfalse
* (1in=72.27pt=25.4mm, 1cm=28.453pt)

LaTeX Font Info:    External font `cmex10' loaded for size
(Font)              <12> on input line 22.
LaTeX Font Info:    External font `cmex10' loaded for size
(Font)              <8> on input line 22.
LaTeX Font Info:    External font `cmex10' loaded for size
(Font)              <6> on input line 22.
<images/scene-start.png, id=1, 996.72375pt x 548.0475pt>
File: images/scene-start.png Graphic file (type png)
<use images/scene-start.png>
Package pdftex.def Info: images/scene-start.png  used on input line 29.
(pdftex.def)             Requested size: 332.68385pt x 182.92177pt.
<images/design-main.png, id=3, 541.02126pt x 286.06876pt>
File: images/design-main.png Graphic file (type png)
<use images/design-main.png>
Package pdftex.def Info: images/design-main.png  used on input line 44.
(pdftex.def)             Requested size: 266.14978pt x 140.73364pt.
[1

{/var/lib/texmf/fonts/map/pdftex/updmap/pdftex.map} <./images/scene-start.png>]
<images/design-vision.png, id=15, 1105.12875pt x 739.76375pt>
File: images/design-vision.png Graphic file (type png)
<use images/design-vision.png>
Package pdftex.def Info: images/design-vision.png  used on input line 54.
(pdftex.def)             Requested size: 532.29282pt x 356.30165pt.
 [2 <./images/design-main.png> <./images/design-vision.png>]
<images/dataset.png, id=21, 1844.8925pt x 1063.975pt>
File: images/dataset.png Graphic file (type png)
<use images/dataset.png>
Package pdftex.def Info: images/dataset.png  used on input line 67.
(pdftex.def)             Requested size: 443.57848pt x 255.8138pt.
<images/yolo_train_results.png, id=22, 867.24pt x 433.62pt>
File: images/yolo_train_results.png Graphic file (type png)
<use images/yolo_train_results.png>
Package pdftex.def Info: images/yolo_train_results.png  used on input line 84.
(pdftex.def)             Requested size: 487.93903pt x 243.9702pt.
 [3 <./images/dataset.png>]
<images/confusion_matrix.png, id=28, 867.24pt x 650.43pt>
File: images/confusion_matrix.png Graphic file (type png)
<use images/confusion_matrix.png>
Package pdftex.def Info: images/confusion_matrix.png  used on input line 91.
(pdftex.def)             Requested size: 443.57848pt x 332.68753pt.
 [4 <./images/yolo_train_results.png> <./images/confusion_matrix.png>]
<images/detect.png, id=34, 1215.54124pt x 834.11626pt>
File: images/detect.png Graphic file (type png)
<use images/detect.png>
Package pdftex.def Info: images/detect.png  used on input line 100.
(pdftex.def)             Requested size: 354.86412pt x 243.50392pt.
<images/pointcloud-clean.png, id=35, 602.25pt x 225.84375pt>
File: images/pointcloud-clean.png Graphic file (type png)
<use images/pointcloud-clean.png>
Package pdftex.def Info: images/pointcloud-clean.png  used on input line 110.
(pdftex.def)             Requested size: 354.86412pt x 133.07779pt.
<images/pointcloud-from-3d.png, id=36, 602.25pt x 301.125pt>
File: images/pointcloud-from-3d.png Graphic file (type png)
<use images/pointcloud-from-3d.png>
Package pdftex.def Info: images/pointcloud-from-3d.png  used on input line 119.

(pdftex.def)             Requested size: 221.78923pt x 110.89528pt.
 [5 <./images/detect.png> <./images/pointcloud-clean.png>]
<images/pointcloud-align.png, id=42, 602.25pt x 188.20313pt>
File: images/pointcloud-align.png Graphic file (type png)
<use images/pointcloud-align.png>
Package pdftex.def Info: images/pointcloud-align.png  used on input line 129.
(pdftex.def)             Requested size: 399.21791pt x 124.76007pt.
 [6 <./images/pointcloud-from-3d.png> <./images/pointcloud-align.png>]
<images/design-motion.png, id=48, 664.4825pt x 408.52625pt>
File: images/design-motion.png Graphic file (type png)
<use images/design-motion.png>
Package pdftex.def Info: images/design-motion.png  used on input line 167.
(pdftex.def)             Requested size: 354.86412pt x 218.16978pt.
 [7 <./images/design-motion.png>]
<images/design-image-as-input.png, id=54, 460.72125pt x 184.69pt>
File: images/design-image-as-input.png Graphic file (type png)
<use images/design-image-as-input.png>
Package pdftex.def Info: images/design-image-as-input.png  used on input line 1
89.
(pdftex.def)             Requested size: 310.50357pt x 124.47154pt.
<images/pointcloud-wrong.png, id=55, 963.6pt x 451.6875pt>
File: images/pointcloud-wrong.png Graphic file (type png)
<use images/pointcloud-wrong.png>
Package pdftex.def Info: images/pointcloud-wrong.png  used on input line 196.
(pdftex.def)             Requested size: 266.14978pt x 124.75548pt.
 [8 <./images/design-image-as-input.png>] [9 <./images/pointcloud-wrong.png>] (
./report.aux) ) 
Here is how much of TeX's memory you used:
 2842 strings out of 483183
 44395 string characters out of 5966292
 281171 words of memory out of 5000000
 17831 multiletter control sequences out of 15000+600000
 536928 words of font info for 39 fonts, out of 8000000 for 9000
 14 hyphenation exceptions out of 8191
 31i,7n,37p,722b,357s stack positions out of 5000i,500n,10000p,200000b,80000s
 </home/toto/.texlive2019/texmf-var/fonts/pk/ljfour/jknappen/ec/
tcrm1000.600pk></usr/share/texlive/texmf-dist/fonts/type1/public/amsfonts/cm/cm
bx10.pfb></usr/share/texlive/texmf-dist/fonts/type1/public/amsfonts/cm/cmbx12.p
fb></usr/share/texlive/texmf-dist/fonts/type1/public/amsfonts/cm/cmr10.pfb></us
r/share/texlive/texmf-dist/fonts/type1/public/amsfonts/cm/cmr12.pfb></usr/share
/texlive/texmf-dist/fonts/type1/public/amsfonts/cm/cmr17.pfb>
Output written on report.pdf (9 pages, 4684174 bytes).
PDF statistics:
 86 PDF objects out of 1000 (max. 8388607)
 42 compressed objects within 1 object stream
 0 named destinations out of 1000 (max. 500000)
 66 words of extra memory for PDF output out of 10000 (max. 10000000)

